<?xml version="1.0" encoding="UTF-8"?>
<testng-results ignored="0" total="3" passed="3" failed="0" skipped="0">
  <reporter-output>
  </reporter-output>
  <suite started-at="2024-09-17T13:24:28 IST" name="Suite" finished-at="2024-09-17T13:26:16 IST" duration-ms="107961">
    <groups>
    </groups>
    <test started-at="2024-09-17T13:24:28 IST" name="Test" finished-at="2024-09-17T13:26:16 IST" duration-ms="107961">
      <class name="tests.BuyProductTest">
        <test-method is-config="true" signature="setup()[pri:0, instance:tests.BuyProductTest@68c9d179]" started-at="2024-09-17T13:24:53 IST" name="setup" finished-at="2024-09-17T13:25:03 IST" duration-ms="10058" status="PASS">
          <reporter-output>
          </reporter-output>
        </test-method> <!-- setup -->
        <test-method signature="BuyProduct()[pri:0, instance:tests.BuyProductTest@68c9d179]" started-at="2024-09-17T13:25:03 IST" name="BuyProduct" finished-at="2024-09-17T13:25:53 IST" duration-ms="49677" status="PASS">
          <reporter-output>
          </reporter-output>
        </test-method> <!-- BuyProduct -->
        <test-method is-config="true" signature="closeBrowser()[pri:0, instance:tests.BuyProductTest@68c9d179]" started-at="2024-09-17T13:25:53 IST" name="closeBrowser" finished-at="2024-09-17T13:25:53 IST" duration-ms="415" status="PASS">
          <reporter-output>
          </reporter-output>
        </test-method> <!-- closeBrowser -->
      </class> <!-- tests.BuyProductTest -->
      <class name="tests.SigninTest">
        <test-method is-config="true" signature="setup()[pri:0, instance:tests.SigninTest@d554c5f]" started-at="2024-09-17T13:25:53 IST" name="setup" finished-at="2024-09-17T13:26:05 IST" duration-ms="11888" status="PASS">
          <reporter-output>
          </reporter-output>
        </test-method> <!-- setup -->
        <test-method signature="Signin()[pri:0, instance:tests.SigninTest@d554c5f]" started-at="2024-09-17T13:26:05 IST" name="Signin" finished-at="2024-09-17T13:26:14 IST" duration-ms="8902" status="PASS">
          <reporter-output>
          </reporter-output>
        </test-method> <!-- Signin -->
        <test-method is-config="true" signature="closeBrowser()[pri:0, instance:tests.SigninTest@d554c5f]" started-at="2024-09-17T13:26:14 IST" name="closeBrowser" finished-at="2024-09-17T13:26:16 IST" duration-ms="1764" status="PASS">
          <reporter-output>
          </reporter-output>
        </test-method> <!-- closeBrowser -->
      </class> <!-- tests.SigninTest -->
      <class name="tests.CreateAccountTest">
        <test-method is-config="true" signature="setup()[pri:0, instance:tests.CreateAccountTest@1972e513]" started-at="2024-09-17T13:24:28 IST" name="setup" finished-at="2024-09-17T13:24:39 IST" duration-ms="10837" status="PASS">
          <reporter-output>
          </reporter-output>
        </test-method> <!-- setup -->
        <test-method signature="createAccount()[pri:0, instance:tests.CreateAccountTest@1972e513]" started-at="2024-09-17T13:24:39 IST" name="createAccount" finished-at="2024-09-17T13:24:52 IST" duration-ms="13179" status="PASS">
          <reporter-output>
          </reporter-output>
        </test-method> <!-- createAccount -->
        <test-method is-config="true" signature="closeBrowser()[pri:0, instance:tests.CreateAccountTest@1972e513]" started-at="2024-09-17T13:24:52 IST" name="closeBrowser" finished-at="2024-09-17T13:24:53 IST" duration-ms="1171" status="PASS">
          <reporter-output>
          </reporter-output>
        </test-method> <!-- closeBrowser -->
      </class> <!-- tests.CreateAccountTest -->
    </test> <!-- Test -->
  </suite> <!-- Suite -->
</testng-results>
